2018-02-19 11:19:04 [scrapy.utils.log] INFO: Scrapy 1.5.0 started (bot: azcrawl)
2018-02-19 11:19:04 [scrapy.utils.log] INFO: Versions: lxml 4.1.1.0, libxml2 2.9.7, cssselect 1.0.3, parsel 1.3.1, w3lib 1.19.0, Twisted 17.9.0, Python 3.5.2 (default, Nov 23 2017, 16:37:01) - [GCC 5.4.0 20160609], pyOpenSSL 17.5.0 (OpenSSL 1.1.0g  2 Nov 2017), cryptography 2.1.4, Platform Linux-4.13.0-1006-gcp-x86_64-with-Ubuntu-16.04-xenial
2018-02-19 11:19:04 [scrapy.crawler] INFO: Overridden settings: {'FEED_URI': 'on_server_iphone8_cursor.json', 'DOWNLOAD_DELAY': 2, 'LOG_STDOUT': True, 'CONCURRENT_REQUESTS_PER_IP': 1, 'LOG_FILE': 'Logs/log_file19_02_2018_11_19_04.log', 'AUTOTHROTTLE_ENABLED': True, 'BOT_NAME': 'azcrawl', 'AUTOTHROTTLE_MAX_DELAY': 600, 'CONCURRENT_REQUESTS_PER_DOMAIN': 1, 'NEWSPIDER_MODULE': 'azcrawl.spiders', 'ROBOTSTXT_OBEY': True, 'CONCURRENT_REQUESTS': 1, 'FEED_FORMAT': 'json', 'SPIDER_MODULES': ['azcrawl.spiders']}
2018-02-19 11:19:04 [scrapy.middleware] INFO: Enabled extensions:
['scrapy.extensions.logstats.LogStats',
 'scrapy.extensions.feedexport.FeedExporter',
 'scrapy.extensions.corestats.CoreStats',
 'scrapy.extensions.throttle.AutoThrottle',
 'scrapy.extensions.memusage.MemoryUsage',
 'scrapy.extensions.telnet.TelnetConsole']
2018-02-19 11:19:04 [scrapy.middleware] INFO: Enabled downloader middlewares:
['scrapy.downloadermiddlewares.robotstxt.RobotsTxtMiddleware',
 'scrapy.downloadermiddlewares.httpauth.HttpAuthMiddleware',
 'scrapy.downloadermiddlewares.downloadtimeout.DownloadTimeoutMiddleware',
 'scrapy.downloadermiddlewares.defaultheaders.DefaultHeadersMiddleware',
 'scrapy.downloadermiddlewares.useragent.UserAgentMiddleware',
 'azcrawl.middlewares.AzcrawlDownloaderMiddleware',
 'scrapy.downloadermiddlewares.retry.RetryMiddleware',
 'scrapy.downloadermiddlewares.redirect.MetaRefreshMiddleware',
 'scrapy.downloadermiddlewares.httpcompression.HttpCompressionMiddleware',
 'scrapy.downloadermiddlewares.redirect.RedirectMiddleware',
 'scrapy.downloadermiddlewares.cookies.CookiesMiddleware',
 'scrapy.downloadermiddlewares.httpproxy.HttpProxyMiddleware',
 'scrapy.downloadermiddlewares.stats.DownloaderStats']
2018-02-19 11:19:04 [scrapy.middleware] INFO: Enabled spider middlewares:
['scrapy.spidermiddlewares.httperror.HttpErrorMiddleware',
 'scrapy.spidermiddlewares.offsite.OffsiteMiddleware',
 'azcrawl.middlewares.AzcrawlSpiderMiddleware',
 'scrapy.spidermiddlewares.referer.RefererMiddleware',
 'scrapy.spidermiddlewares.urllength.UrlLengthMiddleware',
 'scrapy.spidermiddlewares.depth.DepthMiddleware']
2018-02-19 11:19:04 [scrapy.middleware] INFO: Enabled item pipelines:
['azcrawl.pipelines.AzcrawlPipeline']
2018-02-19 11:19:04 [scrapy.core.engine] INFO: Spider opened
2018-02-19 11:19:04 [scrapy.extensions.logstats] INFO: Crawled 0 pages (at 0 pages/min), scraped 0 items (at 0 items/min)
2018-02-19 11:19:04 [az_cursor] INFO: Spider opened: az_cursor
2018-02-19 11:19:04 [az_cursor] INFO: Spider opened: az_cursor
2018-02-19 11:19:04 [scrapy.extensions.telnet] DEBUG: Telnet console listening on 127.0.0.1:6024
2018-02-19 11:19:04 [scrapy.downloadermiddlewares.redirect] DEBUG: Redirecting (301) to <GET https://amazon.in/robots.txt> from <GET http://amazon.in/robots.txt>
2018-02-19 11:19:10 [scrapy.core.downloader.tls] WARNING: Remote certificate is not valid for hostname "amazon.in"; 'www.amazon.in'!='amazon.in'
2018-02-19 11:19:11 [scrapy.downloadermiddlewares.redirect] DEBUG: Redirecting (301) to <GET https://www.amazon.in/robots.txt> from <GET https://amazon.in/robots.txt>
2018-02-19 11:19:13 [scrapy.core.engine] DEBUG: Crawled (200) <GET https://www.amazon.in/robots.txt> (referer: None)
2018-02-19 11:19:14 [scrapy.downloadermiddlewares.redirect] DEBUG: Redirecting (301) to <GET https://amazon.in/> from <GET http://amazon.in/>
2018-02-19 11:19:19 [scrapy.downloadermiddlewares.redirect] DEBUG: Redirecting (301) to <GET https://www.amazon.in/> from <GET https://amazon.in/>
2018-02-19 11:19:19 [scrapy.core.engine] DEBUG: Crawled (200) <GET https://www.amazon.in/robots.txt> (referer: None)
2018-02-19 11:19:26 [scrapy.core.engine] DEBUG: Crawled (200) <GET https://www.amazon.in/> (referer: None)
2018-02-19 11:19:26 [az_cursor] INFO: Start Crawling Only for New (Delta) Reviews for given product_id in the program
2018-02-19 11:19:27 [scrapy.core.engine] DEBUG: Crawled (200) <GET https://www.amazon.in/product-reviews/B0719KYGMQ/ref=cm_cr_arp_d_viewopt_rvwer?ie=UTF8&showViewpoints=1&reviewerType=all_reviews&sortBy=recent&pageNumber=1> (referer: https://www.amazon.in/)
2018-02-19 11:19:27 [az_cursor] INFO: Checking If new reviews are available or not
2018-02-19 11:19:27 [az_cursor] INFO: Up to date reviews available for B0719KYGMQ
2018-02-19 11:19:27 [az_cursor] INFO: Update date and time for record
2018-02-19 11:19:27 [scrapy.core.engine] INFO: Closing spider (finished)
2018-02-19 11:19:27 [az_cursor] INFO: Spider Closed
2018-02-19 11:19:27 [az_cursor] INFO: Starting Update review_count in DB
2018-02-19 11:19:27 [scrapy.statscollectors] INFO: Dumping Scrapy stats:
{'downloader/request_bytes': 1886,
 'downloader/request_count': 8,
 'downloader/request_method_count/GET': 8,
 'downloader/response_bytes': 135419,
 'downloader/response_count': 8,
 'downloader/response_status_count/200': 4,
 'downloader/response_status_count/301': 4,
 'finish_reason': 'finished',
 'finish_time': datetime.datetime(2018, 2, 19, 11, 19, 27, 294608),
 'log_count/DEBUG': 9,
 'log_count/INFO': 15,
 'log_count/WARNING': 1,
 'memusage/max': 54009856,
 'memusage/startup': 54009856,
 'request_depth_max': 1,
 'response_received_count': 4,
 'scheduler/dequeued': 4,
 'scheduler/dequeued/memory': 4,
 'scheduler/enqueued': 4,
 'scheduler/enqueued/memory': 4,
 'start_time': datetime.datetime(2018, 2, 19, 11, 19, 4, 178095)}
2018-02-19 11:19:27 [scrapy.core.engine] INFO: Spider closed (finished)
