2018-02-18 23:24:54 [scrapy.utils.log] INFO: Scrapy 1.5.0 started (bot: azcrawl)
2018-02-18 23:24:54 [scrapy.utils.log] INFO: Versions: lxml 4.1.0.0, libxml2 2.9.4, cssselect 1.0.3, parsel 1.3.1, w3lib 1.18.0, Twisted 17.9.0, Python 3.6.3 |Anaconda, Inc.| (default, Oct 15 2017, 03:27:45) [MSC v.1900 64 bit (AMD64)], pyOpenSSL 17.2.0 (OpenSSL 1.0.2l  25 May 2017), cryptography 2.0.3, Platform Windows-8.1-6.3.9600-SP0
2018-02-18 23:24:54 [scrapy.crawler] INFO: Overridden settings: {'AUTOTHROTTLE_ENABLED': True, 'AUTOTHROTTLE_MAX_DELAY': 600, 'BOT_NAME': 'azcrawl', 'CONCURRENT_REQUESTS': 1, 'CONCURRENT_REQUESTS_PER_DOMAIN': 1, 'CONCURRENT_REQUESTS_PER_IP': 1, 'DOWNLOAD_DELAY': 2, 'FEED_FORMAT': 'json', 'FEED_URI': 'iphone_8_cursor.json', 'LOG_FILE': 'Logs/log_file18_02_2018_23_24_54.log', 'LOG_STDOUT': True, 'NEWSPIDER_MODULE': 'azcrawl.spiders', 'ROBOTSTXT_OBEY': True, 'SPIDER_MODULES': ['azcrawl.spiders']}
2018-02-18 23:24:54 [scrapy.middleware] INFO: Enabled extensions:
['scrapy.extensions.corestats.CoreStats',
 'scrapy.extensions.telnet.TelnetConsole',
 'scrapy.extensions.feedexport.FeedExporter',
 'scrapy.extensions.logstats.LogStats',
 'scrapy.extensions.throttle.AutoThrottle']
2018-02-18 23:24:54 [scrapy.middleware] INFO: Enabled downloader middlewares:
['scrapy.downloadermiddlewares.robotstxt.RobotsTxtMiddleware',
 'scrapy.downloadermiddlewares.httpauth.HttpAuthMiddleware',
 'scrapy.downloadermiddlewares.downloadtimeout.DownloadTimeoutMiddleware',
 'scrapy.downloadermiddlewares.defaultheaders.DefaultHeadersMiddleware',
 'scrapy.downloadermiddlewares.useragent.UserAgentMiddleware',
 'azcrawl.middlewares.AzcrawlDownloaderMiddleware',
 'scrapy.downloadermiddlewares.retry.RetryMiddleware',
 'scrapy.downloadermiddlewares.redirect.MetaRefreshMiddleware',
 'scrapy.downloadermiddlewares.httpcompression.HttpCompressionMiddleware',
 'scrapy.downloadermiddlewares.redirect.RedirectMiddleware',
 'scrapy.downloadermiddlewares.cookies.CookiesMiddleware',
 'scrapy.downloadermiddlewares.httpproxy.HttpProxyMiddleware',
 'scrapy.downloadermiddlewares.stats.DownloaderStats']
2018-02-18 23:24:54 [scrapy.middleware] INFO: Enabled spider middlewares:
['scrapy.spidermiddlewares.httperror.HttpErrorMiddleware',
 'scrapy.spidermiddlewares.offsite.OffsiteMiddleware',
 'azcrawl.middlewares.AzcrawlSpiderMiddleware',
 'scrapy.spidermiddlewares.referer.RefererMiddleware',
 'scrapy.spidermiddlewares.urllength.UrlLengthMiddleware',
 'scrapy.spidermiddlewares.depth.DepthMiddleware']
2018-02-18 23:24:54 [scrapy.middleware] INFO: Enabled item pipelines:
['azcrawl.pipelines.AzcrawlPipeline']
2018-02-18 23:24:54 [scrapy.core.engine] INFO: Spider opened
2018-02-18 23:24:54 [scrapy.extensions.logstats] INFO: Crawled 0 pages (at 0 pages/min), scraped 0 items (at 0 items/min)
2018-02-18 23:24:54 [az_cursor] INFO: Spider opened: az_cursor
2018-02-18 23:24:54 [az_cursor] INFO: Spider opened: az_cursor
2018-02-18 23:24:54 [scrapy.extensions.telnet] DEBUG: Telnet console listening on 127.0.0.1:6023
2018-02-18 23:24:55 [scrapy.downloadermiddlewares.redirect] DEBUG: Redirecting (301) to <GET https://amazon.in/robots.txt> from <GET http://amazon.in/robots.txt>
2018-02-18 23:25:00 [scrapy.downloadermiddlewares.redirect] DEBUG: Redirecting (301) to <GET https://www.amazon.in/robots.txt> from <GET https://amazon.in/robots.txt>
2018-02-18 23:25:05 [scrapy.core.engine] DEBUG: Crawled (200) <GET https://www.amazon.in/robots.txt> (referer: None)
2018-02-18 23:25:05 [scrapy.downloadermiddlewares.redirect] DEBUG: Redirecting (301) to <GET https://amazon.in/> from <GET http://amazon.in/>
2018-02-18 23:25:10 [scrapy.downloadermiddlewares.redirect] DEBUG: Redirecting (301) to <GET https://www.amazon.in/> from <GET https://amazon.in/>
2018-02-18 23:25:10 [scrapy.core.engine] DEBUG: Crawled (200) <GET https://www.amazon.in/robots.txt> (referer: None)
2018-02-18 23:25:17 [scrapy.core.engine] DEBUG: Crawled (200) <GET https://www.amazon.in/> (referer: None)
2018-02-18 23:25:17 [az_cursor] INFO: Start Crawling Only for New (Delta) Reviews for given product_id in the program
2018-02-18 23:25:18 [scrapy.core.engine] DEBUG: Crawled (200) <GET https://www.amazon.in/product-reviews/B0719KYGMQ/ref=cm_cr_arp_d_viewopt_rvwer?ie=UTF8&showViewpoints=1&reviewerType=all_reviews&sortBy=recent&pageNumber=1> (referer: https://www.amazon.in/)
2018-02-18 23:25:18 [az_cursor] INFO: Checking If new reviews are available or not
2018-02-18 23:25:18 [az_cursor] INFO: Up to date reviews available for B0719KYGMQ
2018-02-18 23:25:18 [az_cursor] INFO: Update date and time for record
2018-02-18 23:25:18 [scrapy.core.engine] INFO: Closing spider (finished)
2018-02-18 23:25:18 [az_cursor] INFO: Spider Closed
2018-02-18 23:25:18 [az_cursor] INFO: Starting Update review_count in DB
2018-02-18 23:25:18 [scrapy.statscollectors] INFO: Dumping Scrapy stats:
{'downloader/request_bytes': 1886,
 'downloader/request_count': 8,
 'downloader/request_method_count/GET': 8,
 'downloader/response_bytes': 137483,
 'downloader/response_count': 8,
 'downloader/response_status_count/200': 4,
 'downloader/response_status_count/301': 4,
 'finish_reason': 'finished',
 'finish_time': datetime.datetime(2018, 2, 18, 17, 55, 18, 856713),
 'log_count/DEBUG': 9,
 'log_count/INFO': 15,
 'request_depth_max': 1,
 'response_received_count': 4,
 'scheduler/dequeued': 4,
 'scheduler/dequeued/memory': 4,
 'scheduler/enqueued': 4,
 'scheduler/enqueued/memory': 4,
 'start_time': datetime.datetime(2018, 2, 18, 17, 54, 54, 552488)}
2018-02-18 23:25:18 [scrapy.core.engine] INFO: Spider closed (finished)
